<?xml version="1.0" encoding="UTF-8"?>
<!-- Generated by org.testng.reporters.JUnitXMLReporter -->
<testsuite ignored="0" hostname="LTIN251003" failures="0" tests="19" name="Test_1" time="138.802" errors="0" timestamp="2024-02-29T11:21:34 IST">
  <testcase classname="Test_Cases.Finding_Hospitals" name="Search_City" time="10.773"/>
  <testcase classname="Test_Cases.Finding_Hospitals" name="Search_Dentists" time="5.111"/>
  <testcase classname="Test_Cases.Finding_Hospitals" name="select_PatientStories" time="2.384"/>
  <testcase classname="Test_Cases.Finding_Hospitals" name="select_Experience" time="2.477"/>
  <testcase classname="Test_Cases.Finding_Hospitals" name="applyFilters" time="2.609"/>
  <testcase classname="Test_Cases.Finding_Hospitals" name="applyFilters_1" time="2.801"/>
  <testcase classname="Test_Cases.Finding_Hospitals" name="applyFilters_2" time="3.927"/>
  <testcase classname="Test_Cases.Finding_Hospitals" name="get_DoctorDetails" time="28.193"/>
  <testcase classname="Test_Cases.Finding_Hospitals" name="navigateToSurgeries" time="1.722"/>
  <testcase classname="Test_Cases.Finding_Hospitals" name="ScrollToSurgeries" time="0.325"/>
  <testcase classname="Test_Cases.Finding_Hospitals" name="sugeryNames" time="1.82"/>
  <testcase classname="Test_Cases.Finding_Hospitals" name="ScrollToTop" time="0.055"/>
  <testcase classname="Test_Cases.Finding_Hospitals" name="navigatioToHealth_Page" time="11.171"/>
  <testcase classname="Test_Cases.Finding_Hospitals" name="scrollToDemoBtn" time="0.205"/>
  <testcase classname="Test_Cases.Finding_Hospitals" name="verifyDemoBtn_1" time="1.266"/>
  <testcase classname="Test_Cases.Finding_Hospitals" name="ClickDemoBtn" time="0.131"/>
  <testcase classname="Test_Cases.Finding_Hospitals" name="ClearingData" time="0.38"/>
  <testcase classname="Test_Cases.Finding_Hospitals" name="verifyDemoBtn_2" time="1.108"/>
  <testcase classname="Test_Cases.Finding_Hospitals" name="Verify_ResultMsg" time="42.145"/>
</testsuite> <!-- Test_1 -->
